000001000000000
001111110000000
110011110010010
110011110010010
110011110010010
110011110010010
110111110010010
110001010010011
110001010010110
110011010011110
110101110011010
111100110010000
111000010110000
011000010111011
001100011100110
000100011001110
000110001011010
000100001110000
000100000110000
001110000111000
100010000100000
110010000100000
011011101100000
011011100100000
001111111100000
111100110000000
011100010000000
001000010000000
011011110000000
001111000000000
000111000000000
000110000000000
000100000000000
100100000000000
111110000000000
011000000000000
011000000000000
001000000000000
111000000000000
010000000000000
